Running on host: compute-0-37
CUDA_VISIBLE_DEVICES=0
Working directory: /project/mang/users/tosin/GLP/lpn_for_nonconvex_control
--- Starting Notebook Execution ---
Executing notebook: exp_4_1_2_quadratic_2D.ipynb
Successfully executed exp_4_1_2_quadratic_2D.ipynb
-----------------------------------
Executing notebook: exp_4_1_2_quadratic_4D.ipynb
Successfully executed exp_4_1_2_quadratic_4D.ipynb
-----------------------------------
Executing notebook: exp_4_1_2_quadratic_8D.ipynb
Successfully executed exp_4_1_2_quadratic_8D.ipynb
-----------------------------------
Executing notebook: exp_4_1_2_quadratic_16D.ipynb
Successfully executed exp_4_1_2_quadratic_16D.ipynb
-----------------------------------
Executing notebook: exp_4_1_2_quadratic_16D copy.ipynb
Successfully executed exp_4_1_2_quadratic_16D copy.ipynb
-----------------------------------
Executing notebook: exp_4_1_2_quadratic_32D.ipynb
